<?xml version="1.0" encoding="UTF-8"?>
<!-- Generated by org.testng.reporters.JUnitReportReporter -->
<testsuite hostname="CNHQ-13071472" name="com.ipeony.ssm.ResourceTest" tests="1" failures="0" timestamp="7 Nov 2013 02:35:46 GMT" time="0.034" errors="0">
  <testcase name="testResource" time="0.034" classname="com.ipeony.ssm.ResourceTest"/>
</testsuite> <!-- com.ipeony.ssm.ResourceTest -->
